<?xml version="1.0" encoding="UTF-8"?>
<testsuite xmlns:xsi="http://www.w3.org/2001/XMLSchema-instance" xsi:noNamespaceSchemaLocation="https://maven.apache.org/surefire/maven-surefire-plugin/xsd/surefire-test-report.xsd" version="3.0.2" name="Alumini.project.Aluminipro.AluminiproApplicationTests" time="12.244" tests="1" errors="0" skipped="0" failures="0" flakes="0">
  <properties>
[...]
</properties>
  <testcase name="contextLoads" classname="Alumini.project.Aluminipro.AluminiproApplicationTests" time="1.699">
    <system-out><![CDATA[19:36:19.940 [main] INFO org.springframework.test.context.support.AnnotationConfigContextLoaderUtils -- Could not detect default configuration classes for test class [Alumini.project.Aluminipro.AluminiproApplicationTests]: AluminiproApplicationTests does not declare any static, non-private, non-final, nested classes annotated with @Configuration.
19:36:20.241 [main] INFO org.springframework.boot.test.context.SpringBootTestContextBootstrapper -- Found @SpringBootConfiguration Alumini.project.Aluminipro.AluminiproApplication for test class Alumini.project.Aluminipro.AluminiproApplicationTests
19:36:20.637 [main] INFO org.springframework.boot.devtools.restart.RestartApplicationListener -- Restart disabled due to context in which it is running

  .   ____          _            __ _ _
 /\\ / ___'_ __ _ _(_)_ __  __ _ \ \ \ \
( ( )\___ | '_ | '_| | '_ \/ _` | \ \ \ \
 \\/  ___)| |_)| | | | | || (_| |  ) ) ) )
  '  |____| .__|_| |_|_| |_\__, | / / / /
 =========|_|==============|___/=/_/_/_/

 :: Spring Boot ::               (v3.5.14)

2026-06-01T19:36:21.421+05:30  INFO 8080 --- [Aluminipro] [           main] A.p.A.AluminiproApplicationTests         : Starting AluminiproApplicationTests using Java 21.0.11 with PID 8080 (started by Samee in C:\Users\Samee\Downloads\Aluminipro)
2026-06-01T19:36:21.424+05:30  INFO 8080 --- [Aluminipro] [           main] A.p.A.AluminiproApplicationTests         : No active profile set, falling back to 1 default profile: "default"
2026-06-01T19:36:24.579+05:30  INFO 8080 --- [Aluminipro] [           main] .s.d.r.c.RepositoryConfigurationDelegate : Bootstrapping Spring Data MongoDB repositories in DEFAULT mode.
2026-06-01T19:36:24.737+05:30  INFO 8080 --- [Aluminipro] [           main] .s.d.r.c.RepositoryConfigurationDelegate : Finished Spring Data repository scanning in 130 ms. Found 1 MongoDB repository interface.
2026-06-01T19:36:26.131+05:30  INFO 8080 --- [Aluminipro] [ok3.mongodb.net] org.mongodb.driver.cluster               : Adding discovered server ac-q92jdae-shard-00-00.hlq3ok3.mongodb.net:27017 to client view of cluster
2026-06-01T19:36:26.203+05:30  INFO 8080 --- [Aluminipro] [           main] org.mongodb.driver.client                : MongoClient with metadata {"application": {"name": "Cluster0"}, "driver": {"name": "mongo-java-driver|sync|spring-boot", "version": "5.5.2"}, "os": {"type": "Windows", "name": "Windows 11", "architecture": "amd64", "version": "10.0"}, "platform": "Java/Oracle Corporation/21.0.11+9-LTS-211"} created with settings MongoClientSettings{readPreference=primary, writeConcern=WriteConcern{w=null, wTimeout=null ms, journal=null}, retryWrites=true, retryReads=true, readConcern=ReadConcern{level=null}, credential=MongoCredential{mechanism=null, userName='steve9sam867_db_user', source='admin', password=<hidden>, mechanismProperties=<hidden>}, transportSettings=null, commandListeners=[io.micrometer.core.instrument.binder.mongodb.MongoMetricsCommandListener@340cb97f], codecRegistry=ProvidersCodecRegistry{codecProviders=[ValueCodecProvider{}, BsonValueCodecProvider{}, DBRefCodecProvider{}, DBObjectCodecProvider{}, DocumentCodecProvider{}, CollectionCodecProvider{}, IterableCodecProvider{}, MapCodecProvider{}, GeoJsonCodecProvider{}, GridFSFileCodecProvider{}, Jsr310CodecProvider{}, JsonObjectCodecProvider{}, BsonCodecProvider{}, EnumCodecProvider{}, com.mongodb.client.model.mql.ExpressionCodecProvider@6a1568d6, com.mongodb.Jep395RecordCodecProvider@11c88cca, com.mongodb.KotlinCodecProvider@1b37fbec]}, loggerSettings=LoggerSettings{maxDocumentLength=1000}, clusterSettings={hosts=[127.0.0.1:27017], srvHost=cluster0.hlq3ok3.mongodb.net, srvServiceName=mongodb, mode=MULTIPLE, requiredClusterType=REPLICA_SET, requiredReplicaSetName='atlas-kcggdf-shard-0', serverSelector='null', clusterListeners='[]', serverSelectionTimeout='30000 ms', localThreshold='15 ms'}, socketSettings=SocketSettings{connectTimeoutMS=10000, readTimeoutMS=0, receiveBufferSize=0, proxySettings=ProxySettings{host=null, port=null, username=null, password=null}}, heartbeatSocketSettings=SocketSettings{connectTimeoutMS=10000, readTimeoutMS=10000, receiveBufferSize=0, proxySettings=ProxySettings{host=null, port=null, username=null, password=null}}, connectionPoolSettings=ConnectionPoolSettings{maxSize=100, minSize=0, maxWaitTimeMS=120000, maxConnectionLifeTimeMS=0, maxConnectionIdleTimeMS=0, maintenanceInitialDelayMS=0, maintenanceFrequencyMS=60000, connectionPoolListeners=[io.micrometer.core.instrument.binder.mongodb.MongoMetricsConnectionPoolListener@4a216eb4], maxConnecting=2}, serverSettings=ServerSettings{heartbeatFrequencyMS=10000, minHeartbeatFrequencyMS=500, serverMonitoringMode=AUTO, serverListeners='[]', serverMonitorListeners='[]'}, sslSettings=SslSettings{enabled=true, invalidHostNameAllowed=false, context=null}, applicationName='Cluster0', compressorList=[], uuidRepresentation=JAVA_LEGACY, serverApi=null, autoEncryptionSettings=null, dnsClient=null, inetAddressResolver=null, contextProvider=null, timeoutMS=null}
2026-06-01T19:36:26.240+05:30  INFO 8080 --- [Aluminipro] [ok3.mongodb.net] org.mongodb.driver.cluster               : Adding discovered server ac-q92jdae-shard-00-02.hlq3ok3.mongodb.net:27017 to client view of cluster
2026-06-01T19:36:26.249+05:30  INFO 8080 --- [Aluminipro] [ok3.mongodb.net] org.mongodb.driver.cluster               : Adding discovered server ac-q92jdae-shard-00-01.hlq3ok3.mongodb.net:27017 to client view of cluster
2026-06-01T19:36:28.114+05:30  INFO 8080 --- [Aluminipro] [ngodb.net:27017] org.mongodb.driver.cluster               : Monitor thread successfully connected to server with description ServerDescription{address=ac-q92jdae-shard-00-01.hlq3ok3.mongodb.net:27017, type=REPLICA_SET_SECONDARY, cryptd=false, state=CONNECTED, ok=true, minWireVersion=0, maxWireVersion=25, maxDocumentSize=16777216, logicalSessionTimeoutMinutes=30, roundTripTimeNanos=1244487000, minRoundTripTimeNanos=0, setName='atlas-kcggdf-shard-0', canonicalAddress=ac-q92jdae-shard-00-01.hlq3ok3.mongodb.net:27017, hosts=[ac-q92jdae-shard-00-02.hlq3ok3.mongodb.net:27017, ac-q92jdae-shard-00-00.hlq3ok3.mongodb.net:27017, ac-q92jdae-shard-00-01.hlq3ok3.mongodb.net:27017], passives=[], arbiters=[], primary='ac-q92jdae-shard-00-02.hlq3ok3.mongodb.net:27017', tagSet=TagSet{[Tag{name='availabilityZone', value='aps1-az3'}, Tag{name='cacheState', value='READY'}, Tag{name='diskState', value='READY'}, Tag{name='nodeType', value='ELECTABLE'}, Tag{name='provider', value='AWS'}, Tag{name='region', value='AP_SOUTH_1'}, Tag{name='workloadType', value='OPERATIONAL'}]}, electionId=null, setVersion=297, topologyVersion=TopologyVersion{processId=6a11c891277ff3ee79aa1fae, counter=3}, lastWriteDate=Mon Jun 01 19:36:25 IST 2026, lastUpdateTimeNanos=360964951937600}
2026-06-01T19:36:28.114+05:30  INFO 8080 --- [Aluminipro] [ngodb.net:27017] org.mongodb.driver.cluster               : Monitor thread successfully connected to server with description ServerDescription{address=ac-q92jdae-shard-00-00.hlq3ok3.mongodb.net:27017, type=REPLICA_SET_SECONDARY, cryptd=false, state=CONNECTED, ok=true, minWireVersion=0, maxWireVersion=25, maxDocumentSize=16777216, logicalSessionTimeoutMinutes=30, roundTripTimeNanos=1240055700, minRoundTripTimeNanos=0, setName='atlas-kcggdf-shard-0', canonicalAddress=ac-q92jdae-shard-00-00.hlq3ok3.mongodb.net:27017, hosts=[ac-q92jdae-shard-00-02.hlq3ok3.mongodb.net:27017, ac-q92jdae-shard-00-00.hlq3ok3.mongodb.net:27017, ac-q92jdae-shard-00-01.hlq3ok3.mongodb.net:27017], passives=[], arbiters=[], primary='ac-q92jdae-shard-00-02.hlq3ok3.mongodb.net:27017', tagSet=TagSet{[Tag{name='availabilityZone', value='aps1-az1'}, Tag{name='cacheState', value='READY'}, Tag{name='diskState', value='READY'}, Tag{name='nodeType', value='ELECTABLE'}, Tag{name='provider', value='AWS'}, Tag{name='region', value='AP_SOUTH_1'}, Tag{name='workloadType', value='OPERATIONAL'}]}, electionId=null, setVersion=297, topologyVersion=TopologyVersion{processId=6a11c3654596546142c566de, counter=4}, lastWriteDate=Mon Jun 01 19:36:25 IST 2026, lastUpdateTimeNanos=360964952136300}
2026-06-01T19:36:28.114+05:30  INFO 8080 --- [Aluminipro] [ngodb.net:27017] org.mongodb.driver.cluster               : Monitor thread successfully connected to server with description ServerDescription{address=ac-q92jdae-shard-00-02.hlq3ok3.mongodb.net:27017, type=REPLICA_SET_PRIMARY, cryptd=false, state=CONNECTED, ok=true, minWireVersion=0, maxWireVersion=25, maxDocumentSize=16777216, logicalSessionTimeoutMinutes=30, roundTripTimeNanos=1241063300, minRoundTripTimeNanos=0, setName='atlas-kcggdf-shard-0', canonicalAddress=ac-q92jdae-shard-00-02.hlq3ok3.mongodb.net:27017, hosts=[ac-q92jdae-shard-00-02.hlq3ok3.mongodb.net:27017, ac-q92jdae-shard-00-00.hlq3ok3.mongodb.net:27017, ac-q92jdae-shard-00-01.hlq3ok3.mongodb.net:27017], passives=[], arbiters=[], primary='ac-q92jdae-shard-00-02.hlq3ok3.mongodb.net:27017', tagSet=TagSet{[Tag{name='availabilityZone', value='aps1-az2'}, Tag{name='cacheState', value='READY'}, Tag{name='diskState', value='READY'}, Tag{name='nodeType', value='ELECTABLE'}, Tag{name='provider', value='AWS'}, Tag{name='region', value='AP_SOUTH_1'}, Tag{name='workloadType', value='OPERATIONAL'}]}, electionId=7fffffff0000000000000147, setVersion=297, topologyVersion=TopologyVersion{processId=6a11c5eb30976cb813b7984b, counter=6}, lastWriteDate=Mon Jun 01 19:36:25 IST 2026, lastUpdateTimeNanos=360964951937700}
2026-06-01T19:36:28.134+05:30  INFO 8080 --- [Aluminipro] [ngodb.net:27017] org.mongodb.driver.cluster               : Discovered replica set primary ac-q92jdae-shard-00-02.hlq3ok3.mongodb.net:27017 with max election id 7fffffff0000000000000147 and max set version 297
2026-06-01T19:36:28.256+05:30  INFO 8080 --- [Aluminipro] [           main] o.s.b.a.w.s.WelcomePageHandlerMapping    : Adding welcome page: class path resource [static/index.html]
2026-06-01T19:36:29.708+05:30  INFO 8080 --- [Aluminipro] [           main] o.s.b.a.e.web.EndpointLinksResolver      : Exposing 1 endpoint beneath base path '/actuator'
2026-06-01T19:36:29.888+05:30  INFO 8080 --- [Aluminipro] [           main] A.p.A.AluminiproApplicationTests         : Started AluminiproApplicationTests in 9.278 seconds (process running for 11.596)
]]></system-out>
    <system-err><![CDATA[Mockito is currently self-attaching to enable the inline-mock-maker. This will no longer work in future releases of the JDK. Please add Mockito as an agent to your build as described in Mockito's documentation: https://javadoc.io/doc/org.mockito/mockito-core/latest/org.mockito/org/mockito/Mockito.html#0.3
WARNING: A Java agent has been loaded dynamically (C:\Users\Samee\.m2\repository\net\bytebuddy\byte-buddy-agent\1.17.8\byte-buddy-agent-1.17.8.jar)
WARNING: If a serviceability tool is in use, please run with -XX:+EnableDynamicAgentLoading to hide this warning
WARNING: If a serviceability tool is not in use, please run with -Djdk.instrument.traceUsage for more information
WARNING: Dynamic loading of agents will be disallowed by default in a future release
]]></system-err>
  </testcase>
</testsuite>